<?xml version="1.0" encoding="UTF-8" standalone="no"?>
<!DOCTYPE log SYSTEM "logger.dtd">
<log>
<record>
  <date>2024-02-12T08:27:30.200149300Z</date>
  <millis>1707726450200</millis>
  <nanos>149300</nanos>
  <sequence>0</sequence>
  <level>START</level>
  <class>com.kms.katalon.core.logging.XmlKeywordLogger</class>
  <method>startSuite</method>
  <thread>1</thread>
  <message>Start Test Suite : Test Suites/POSTS Posts</message>
  <nestedLevel>0</nestedLevel>
  <escapedJava>false</escapedJava>
  <property name="rerunTestFailImmediately">true</property>
  <property name="retryCount">3</property>
  <property name="name">POSTS Posts</property>
  <property name="description"></property>
  <property name="id">Test Suites/POSTS Posts</property>
</record>
<record>
  <date>2024-02-12T08:27:30.217151100Z</date>
  <millis>1707726450217</millis>
  <nanos>151100</nanos>
  <sequence>1</sequence>
  <level>RUN_DATA</level>
  <class>com.kms.katalon.core.logging.XmlKeywordLogger</class>
  <method>logMessage</method>
  <thread>1</thread>
  <message>hostName = USER - DESKTOP-57TUAMP.mshome.net</message>
  <nestedLevel>0</nestedLevel>
  <escapedJava>false</escapedJava>
  <property name="hostName">USER - DESKTOP-57TUAMP.mshome.net</property>
</record>
<record>
  <date>2024-02-12T08:27:30.217151100Z</date>
  <millis>1707726450217</millis>
  <nanos>151100</nanos>
  <sequence>2</sequence>
  <level>RUN_DATA</level>
  <class>com.kms.katalon.core.logging.XmlKeywordLogger</class>
  <method>logMessage</method>
  <thread>1</thread>
  <message>os = Windows 10 64bit</message>
  <nestedLevel>0</nestedLevel>
  <escapedJava>false</escapedJava>
  <property name="os">Windows 10 64bit</property>
</record>
<record>
  <date>2024-02-12T08:27:30.218149900Z</date>
  <millis>1707726450218</millis>
  <nanos>149900</nanos>
  <sequence>3</sequence>
  <level>RUN_DATA</level>
  <class>com.kms.katalon.core.logging.XmlKeywordLogger</class>
  <method>logMessage</method>
  <thread>1</thread>
  <message>hostAddress = 172.29.144.1</message>
  <nestedLevel>0</nestedLevel>
  <escapedJava>false</escapedJava>
  <property name="hostAddress">172.29.144.1</property>
</record>
<record>
  <date>2024-02-12T08:27:30.218149900Z</date>
  <millis>1707726450218</millis>
  <nanos>149900</nanos>
  <sequence>4</sequence>
  <level>RUN_DATA</level>
  <class>com.kms.katalon.core.logging.XmlKeywordLogger</class>
  <method>logMessage</method>
  <thread>1</thread>
  <message>katalonVersion = 9.3.0.212</message>
  <nestedLevel>0</nestedLevel>
  <escapedJava>false</escapedJava>
  <property name="katalonVersion">9.3.0.212</property>
</record>
<record>
  <date>2024-02-12T08:27:30.485672Z</date>
  <millis>1707726450485</millis>
  <nanos>672000</nanos>
  <sequence>5</sequence>
  <level>START</level>
  <class>com.kms.katalon.core.logging.XmlKeywordLogger</class>
  <method>startTest</method>
  <thread>1</thread>
  <message>Start Test Case : Test Cases/POST posts</message>
  <nestedLevel>1</nestedLevel>
  <escapedJava>false</escapedJava>
  <property name="remainingRetryCount">3</property>
  <property name="name">Test Cases/POST posts</property>
  <property name="description"></property>
  <property name="iteration"></property>
  <property name="id">Test Cases/POST posts</property>
  <property name="source">D:\BRI\BOOTCAMP\345937-katalon-taskapi-HanaMariaSiahaan\Test Cases\POST posts.tc</property>
  <property name="tag"></property>
  <property name="isOptional">false</property>
  <property name="currentRetryCount">0</property>
</record>
<record>
  <date>2024-02-12T08:27:31.070324100Z</date>
  <millis>1707726451070</millis>
  <nanos>324100</nanos>
  <sequence>7</sequence>
  <level>START</level>
  <class>com.kms.katalon.core.logging.XmlKeywordLogger</class>
  <method>startKeyword</method>
  <thread>1</thread>
  <message>Start action : response = sendRequestAndVerify(findTestObject(&amp;quot;POST posts&amp;quot;))</message>
  <nestedLevel>1</nestedLevel>
  <escapedJava>false</escapedJava>
  <property name="startLine">20</property>
  <property name="stepIndex">1</property>
</record>
<record>
  <date>2024-02-12T08:27:35.021898800Z</date>
  <millis>1707726455021</millis>
  <nanos>898800</nanos>
  <sequence>10</sequence>
  <level>INFO</level>
  <class>com.kms.katalon.core.logging.XmlKeywordLogger</class>
  <method>logMessage</method>
  <thread>1</thread>
  <message>HAR: D:\BRI\BOOTCAMP\345937-katalon-taskapi-HanaMariaSiahaan\Reports\20240212_152724\POSTS Posts\20240212_152724\requests\main\0.har</message>
  <nestedLevel>1</nestedLevel>
  <escapedJava>false</escapedJava>
  <property name="harId">17f8a40e-145d-4858-949b-acaa4db4c65f</property>
</record>
<record>
  <date>2024-02-12T08:27:35.255774100Z</date>
  <millis>1707726455255</millis>
  <nanos>774100</nanos>
  <sequence>12</sequence>
  <level>START</level>
  <class>com.kms.katalon.core.logging.XmlKeywordLogger</class>
  <method>startTest</method>
  <thread>1</thread>
  <message>Start Test Case : Verification</message>
  <nestedLevel>2</nestedLevel>
  <escapedJava>false</escapedJava>
</record>
<record>
  <date>2024-02-12T08:27:35.365909500Z</date>
  <millis>1707726455365</millis>
  <nanos>909500</nanos>
  <sequence>13</sequence>
  <level>START</level>
  <class>com.kms.katalon.core.logging.XmlKeywordLogger</class>
  <method>startKeyword</method>
  <thread>1</thread>
  <message>Start action : request = getInstance().getCurrentRequest()</message>
  <nestedLevel>1</nestedLevel>
  <escapedJava>false</escapedJava>
  <property name="startLine">11</property>
  <property name="stepIndex">1</property>
</record>
<record>
  <date>2024-02-12T08:27:35.373256900Z</date>
  <millis>1707726455373</millis>
  <nanos>256900</nanos>
  <sequence>14</sequence>
  <level>END</level>
  <class>com.kms.katalon.core.logging.XmlKeywordLogger</class>
  <method>endKeyword</method>
  <thread>1</thread>
  <message>End action : request = getInstance().getCurrentRequest()</message>
  <nestedLevel>1</nestedLevel>
  <escapedJava>false</escapedJava>
</record>
<record>
  <date>2024-02-12T08:27:35.374519700Z</date>
  <millis>1707726455374</millis>
  <nanos>519700</nanos>
  <sequence>15</sequence>
  <level>START</level>
  <class>com.kms.katalon.core.logging.XmlKeywordLogger</class>
  <method>startKeyword</method>
  <thread>1</thread>
  <message>Start action : response = getInstance().getCurrentResponse()</message>
  <nestedLevel>1</nestedLevel>
  <escapedJava>false</escapedJava>
  <property name="startLine">13</property>
  <property name="stepIndex">2</property>
</record>
<record>
  <date>2024-02-12T08:27:35.377209500Z</date>
  <millis>1707726455377</millis>
  <nanos>209500</nanos>
  <sequence>16</sequence>
  <level>END</level>
  <class>com.kms.katalon.core.logging.XmlKeywordLogger</class>
  <method>endKeyword</method>
  <thread>1</thread>
  <message>End action : response = getInstance().getCurrentResponse()</message>
  <nestedLevel>1</nestedLevel>
  <escapedJava>false</escapedJava>
</record>
<record>
  <date>2024-02-12T08:27:35.382933Z</date>
  <millis>1707726455382</millis>
  <nanos>933000</nanos>
  <sequence>17</sequence>
  <level>PASSED</level>
  <class>com.kms.katalon.core.logging.XmlKeywordLogger</class>
  <method>logMessage</method>
  <thread>1</thread>
  <message>Verification accomplished successfully</message>
  <nestedLevel>2</nestedLevel>
  <escapedJava>false</escapedJava>
  <property name="testops-method-name">com.kms.katalon.core.webservice.keyword.builtin.SendRequestAndVerifyKeyword.sendRequestAndVerify</property>
  <property name="testops-execution-stacktrace"></property>
</record>
<record>
  <date>2024-02-12T08:27:35.383931700Z</date>
  <millis>1707726455383</millis>
  <nanos>931700</nanos>
  <sequence>18</sequence>
  <level>END</level>
  <class>com.kms.katalon.core.logging.XmlKeywordLogger</class>
  <method>endTest</method>
  <thread>1</thread>
  <message>End Test Case : Verification</message>
  <nestedLevel>1</nestedLevel>
  <escapedJava>false</escapedJava>
</record>
<record>
  <date>2024-02-12T08:27:35.449090100Z</date>
  <millis>1707726455449</millis>
  <nanos>90100</nanos>
  <sequence>19</sequence>
  <level>PASSED</level>
  <class>com.kms.katalon.core.logging.XmlKeywordLogger</class>
  <method>logMessage</method>
  <thread>1</thread>
  <message>Verify response successfully</message>
  <nestedLevel>1</nestedLevel>
  <escapedJava>false</escapedJava>
  <property name="testops-method-name">com.kms.katalon.core.webservice.keyword.builtin.SendRequestAndVerifyKeyword.sendRequestAndVerify</property>
  <property name="testops-execution-stacktrace"></property>
</record>
<record>
  <date>2024-02-12T08:27:35.514247300Z</date>
  <millis>1707726455514</millis>
  <nanos>247300</nanos>
  <sequence>21</sequence>
  <level>PASSED</level>
  <class>com.kms.katalon.core.logging.XmlKeywordLogger</class>
  <method>logMessage</method>
  <thread>1</thread>
  <message>All validation steps have been passed</message>
  <nestedLevel>1</nestedLevel>
  <escapedJava>false</escapedJava>
  <property name="testops-method-name">com.kms.katalon.core.webservice.keyword.builtin.SendRequestAndVerifyKeyword.sendRequestAndVerify</property>
  <property name="testops-execution-stacktrace"></property>
</record>
<record>
  <date>2024-02-12T08:27:35.518897300Z</date>
  <millis>1707726455518</millis>
  <nanos>897300</nanos>
  <sequence>22</sequence>
  <level>PASSED</level>
  <class>com.kms.katalon.core.logging.XmlKeywordLogger</class>
  <method>logMessage</method>
  <thread>1</thread>
  <message>Send request and verify the response successfully</message>
  <nestedLevel>1</nestedLevel>
  <escapedJava>false</escapedJava>
  <property name="testops-method-name">com.kms.katalon.core.webservice.keyword.builtin.SendRequestAndVerifyKeyword.sendRequestAndVerify</property>
  <property name="testops-execution-stacktrace"></property>
</record>
<record>
  <date>2024-02-12T08:27:35.526216Z</date>
  <millis>1707726455526</millis>
  <nanos>216000</nanos>
  <sequence>23</sequence>
  <level>END</level>
  <class>com.kms.katalon.core.logging.XmlKeywordLogger</class>
  <method>endKeyword</method>
  <thread>1</thread>
  <message>End action : response = sendRequestAndVerify(findTestObject(&amp;quot;POST posts&amp;quot;))</message>
  <nestedLevel>1</nestedLevel>
  <escapedJava>false</escapedJava>
</record>
<record>
  <date>2024-02-12T08:27:35.527896100Z</date>
  <millis>1707726455527</millis>
  <nanos>896100</nanos>
  <sequence>24</sequence>
  <level>START</level>
  <class>com.kms.katalon.core.logging.XmlKeywordLogger</class>
  <method>startKeyword</method>
  <thread>1</thread>
  <message>Start action : verifyElementPropertyValue(response, &amp;quot;title&amp;quot;, &amp;quot;foo&amp;quot;)</message>
  <nestedLevel>1</nestedLevel>
  <escapedJava>false</escapedJava>
  <property name="startLine">22</property>
  <property name="stepIndex">2</property>
</record>
<record>
  <date>2024-02-12T08:27:35.707498600Z</date>
  <millis>1707726455707</millis>
  <nanos>498600</nanos>
  <sequence>26</sequence>
  <level>PASSED</level>
  <class>com.kms.katalon.core.logging.XmlKeywordLogger</class>
  <method>logMessage</method>
  <thread>1</thread>
  <message>Verify element property value successfully</message>
  <nestedLevel>1</nestedLevel>
  <escapedJava>false</escapedJava>
  <property name="testops-is-assertion">true</property>
  <property name="testops-method-name">com.kms.katalon.core.webservice.keyword.builtin.VerifyElementPropertyValueKeyword.verifyElementPropertyValue</property>
  <property name="testops-execution-stacktrace"></property>
</record>
<record>
  <date>2024-02-12T08:27:35.707498600Z</date>
  <millis>1707726455707</millis>
  <nanos>498600</nanos>
  <sequence>27</sequence>
  <level>END</level>
  <class>com.kms.katalon.core.logging.XmlKeywordLogger</class>
  <method>endKeyword</method>
  <thread>1</thread>
  <message>End action : verifyElementPropertyValue(response, &amp;quot;title&amp;quot;, &amp;quot;foo&amp;quot;)</message>
  <nestedLevel>1</nestedLevel>
  <escapedJava>false</escapedJava>
</record>
<record>
  <date>2024-02-12T08:27:35.707498600Z</date>
  <millis>1707726455707</millis>
  <nanos>498600</nanos>
  <sequence>28</sequence>
  <level>PASSED</level>
  <class>com.kms.katalon.core.logging.XmlKeywordLogger</class>
  <method>logMessage</method>
  <thread>1</thread>
  <message>Test Cases/POST posts</message>
  <nestedLevel>1</nestedLevel>
  <escapedJava>false</escapedJava>
</record>
<record>
  <date>2024-02-12T08:27:37.781968400Z</date>
  <millis>1707726457781</millis>
  <nanos>968400</nanos>
  <sequence>29</sequence>
  <level>START</level>
  <class>com.kms.katalon.core.logging.XmlKeywordLogger</class>
  <method>startKeyword</method>
  <thread>1</thread>
  <message>Start action : Video</message>
  <nestedLevel>1</nestedLevel>
  <escapedJava>false</escapedJava>
</record>
<record>
  <date>2024-02-12T08:27:37.783969300Z</date>
  <millis>1707726457783</millis>
  <nanos>969300</nanos>
  <sequence>30</sequence>
  <level>INFO</level>
  <class>com.kms.katalon.core.logging.XmlKeywordLogger</class>
  <method>logMessage</method>
  <thread>1</thread>
  <message>Video recording for test case &amp;apos;Test Cases/POST posts&amp;apos; .</message>
  <nestedLevel>1</nestedLevel>
  <escapedJava>false</escapedJava>
  <property name="video-attachment">videos\screen_recording_1_0.avi</property>
</record>
<record>
  <date>2024-02-12T08:27:37.784968300Z</date>
  <millis>1707726457784</millis>
  <nanos>968300</nanos>
  <sequence>31</sequence>
  <level>END</level>
  <class>com.kms.katalon.core.logging.XmlKeywordLogger</class>
  <method>endKeyword</method>
  <thread>1</thread>
  <message>End End action : Video</message>
  <nestedLevel>1</nestedLevel>
  <escapedJava>false</escapedJava>
</record>
<record>
  <date>2024-02-12T08:27:37.787057500Z</date>
  <millis>1707726457787</millis>
  <nanos>57500</nanos>
  <sequence>32</sequence>
  <level>END</level>
  <class>com.kms.katalon.core.logging.XmlKeywordLogger</class>
  <method>endTest</method>
  <thread>1</thread>
  <message>End Test Case : Test Cases/POST posts</message>
  <nestedLevel>0</nestedLevel>
  <escapedJava>false</escapedJava>
  <property name="executionBindingVariables">[]</property>
  <property name="applitools">false</property>
  <property name="remainingRetryCount">3</property>
  <property name="currentRetryCount">0</property>
  <property name="keywordsUsage">{
  &quot;web_ui&quot;: false,
  &quot;web_service&quot;: true,
  &quot;cucumber&quot;: false,
  &quot;builtin&quot;: false,
  &quot;mobile&quot;: false,
  &quot;windows&quot;: false,
  &quot;testng&quot;: false
}</property>
</record>
<record>
  <date>2024-02-12T08:27:37.801102900Z</date>
  <millis>1707726457801</millis>
  <nanos>102900</nanos>
  <sequence>33</sequence>
  <level>START</level>
  <class>com.kms.katalon.core.logging.XmlKeywordLogger</class>
  <method>startTest</method>
  <thread>1</thread>
  <message>Start Test Case : Test Cases/POST Posts2</message>
  <nestedLevel>1</nestedLevel>
  <escapedJava>false</escapedJava>
  <property name="remainingRetryCount">3</property>
  <property name="name">Test Cases/POST Posts2</property>
  <property name="description"></property>
  <property name="iteration"></property>
  <property name="id">Test Cases/POST Posts2</property>
  <property name="source">D:\BRI\BOOTCAMP\345937-katalon-taskapi-HanaMariaSiahaan\Test Cases\POST Posts2.tc</property>
  <property name="tag"></property>
  <property name="isOptional">false</property>
  <property name="currentRetryCount">0</property>
</record>
<record>
  <date>2024-02-12T08:27:37.903865600Z</date>
  <millis>1707726457903</millis>
  <nanos>865600</nanos>
  <sequence>35</sequence>
  <level>START</level>
  <class>com.kms.katalon.core.logging.XmlKeywordLogger</class>
  <method>startKeyword</method>
  <thread>1</thread>
  <message>Start action : sendRequestAndVerify(findTestObject(&amp;quot;POST Posts2&amp;quot;, [&amp;quot;title&amp;quot;:&amp;quot;hana&amp;quot;, &amp;quot;body&amp;quot;:&amp;quot;maria
&amp;quot;, &amp;quot;userId&amp;quot;:3]))</message>
  <nestedLevel>1</nestedLevel>
  <escapedJava>false</escapedJava>
  <property name="startLine">20</property>
  <property name="stepIndex">1</property>
</record>
<record>
  <date>2024-02-12T08:27:39.229405Z</date>
  <millis>1707726459229</millis>
  <nanos>405000</nanos>
  <sequence>38</sequence>
  <level>INFO</level>
  <class>com.kms.katalon.core.logging.XmlKeywordLogger</class>
  <method>logMessage</method>
  <thread>1</thread>
  <message>HAR: D:\BRI\BOOTCAMP\345937-katalon-taskapi-HanaMariaSiahaan\Reports\20240212_152724\POSTS Posts\20240212_152724\requests\main\1.har</message>
  <nestedLevel>1</nestedLevel>
  <escapedJava>false</escapedJava>
  <property name="harId">41de98f8-5219-4795-b684-0de7b7801614</property>
</record>
<record>
  <date>2024-02-12T08:27:39.293958Z</date>
  <millis>1707726459293</millis>
  <nanos>958000</nanos>
  <sequence>40</sequence>
  <level>START</level>
  <class>com.kms.katalon.core.logging.XmlKeywordLogger</class>
  <method>startTest</method>
  <thread>1</thread>
  <message>Start Test Case : Verification</message>
  <nestedLevel>2</nestedLevel>
  <escapedJava>false</escapedJava>
</record>
<record>
  <date>2024-02-12T08:27:39.381612700Z</date>
  <millis>1707726459381</millis>
  <nanos>612700</nanos>
  <sequence>41</sequence>
  <level>START</level>
  <class>com.kms.katalon.core.logging.XmlKeywordLogger</class>
  <method>startKeyword</method>
  <thread>1</thread>
  <message>Start action : request = getInstance().getCurrentRequest()</message>
  <nestedLevel>1</nestedLevel>
  <escapedJava>false</escapedJava>
  <property name="startLine">11</property>
  <property name="stepIndex">1</property>
</record>
<record>
  <date>2024-02-12T08:27:39.385694200Z</date>
  <millis>1707726459385</millis>
  <nanos>694200</nanos>
  <sequence>42</sequence>
  <level>END</level>
  <class>com.kms.katalon.core.logging.XmlKeywordLogger</class>
  <method>endKeyword</method>
  <thread>1</thread>
  <message>End action : request = getInstance().getCurrentRequest()</message>
  <nestedLevel>1</nestedLevel>
  <escapedJava>false</escapedJava>
</record>
<record>
  <date>2024-02-12T08:27:39.387505500Z</date>
  <millis>1707726459387</millis>
  <nanos>505500</nanos>
  <sequence>43</sequence>
  <level>START</level>
  <class>com.kms.katalon.core.logging.XmlKeywordLogger</class>
  <method>startKeyword</method>
  <thread>1</thread>
  <message>Start action : response = getInstance().getCurrentResponse()</message>
  <nestedLevel>1</nestedLevel>
  <escapedJava>false</escapedJava>
  <property name="startLine">13</property>
  <property name="stepIndex">2</property>
</record>
<record>
  <date>2024-02-12T08:27:39.390964600Z</date>
  <millis>1707726459390</millis>
  <nanos>964600</nanos>
  <sequence>44</sequence>
  <level>END</level>
  <class>com.kms.katalon.core.logging.XmlKeywordLogger</class>
  <method>endKeyword</method>
  <thread>1</thread>
  <message>End action : response = getInstance().getCurrentResponse()</message>
  <nestedLevel>1</nestedLevel>
  <escapedJava>false</escapedJava>
</record>
<record>
  <date>2024-02-12T08:27:39.391987100Z</date>
  <millis>1707726459391</millis>
  <nanos>987100</nanos>
  <sequence>45</sequence>
  <level>PASSED</level>
  <class>com.kms.katalon.core.logging.XmlKeywordLogger</class>
  <method>logMessage</method>
  <thread>1</thread>
  <message>Verification accomplished successfully</message>
  <nestedLevel>2</nestedLevel>
  <escapedJava>false</escapedJava>
  <property name="testops-method-name">com.kms.katalon.core.webservice.keyword.builtin.SendRequestAndVerifyKeyword.sendRequestAndVerify</property>
  <property name="testops-execution-stacktrace"></property>
</record>
<record>
  <date>2024-02-12T08:27:39.391987100Z</date>
  <millis>1707726459391</millis>
  <nanos>987100</nanos>
  <sequence>46</sequence>
  <level>END</level>
  <class>com.kms.katalon.core.logging.XmlKeywordLogger</class>
  <method>endTest</method>
  <thread>1</thread>
  <message>End Test Case : Verification</message>
  <nestedLevel>1</nestedLevel>
  <escapedJava>false</escapedJava>
</record>
<record>
  <date>2024-02-12T08:27:39.393808600Z</date>
  <millis>1707726459393</millis>
  <nanos>808600</nanos>
  <sequence>47</sequence>
  <level>PASSED</level>
  <class>com.kms.katalon.core.logging.XmlKeywordLogger</class>
  <method>logMessage</method>
  <thread>1</thread>
  <message>Verify response successfully</message>
  <nestedLevel>1</nestedLevel>
  <escapedJava>false</escapedJava>
  <property name="testops-method-name">com.kms.katalon.core.webservice.keyword.builtin.SendRequestAndVerifyKeyword.sendRequestAndVerify</property>
  <property name="testops-execution-stacktrace"></property>
</record>
<record>
  <date>2024-02-12T08:27:39.394818300Z</date>
  <millis>1707726459394</millis>
  <nanos>818300</nanos>
  <sequence>49</sequence>
  <level>PASSED</level>
  <class>com.kms.katalon.core.logging.XmlKeywordLogger</class>
  <method>logMessage</method>
  <thread>1</thread>
  <message>All validation steps have been passed</message>
  <nestedLevel>1</nestedLevel>
  <escapedJava>false</escapedJava>
  <property name="testops-method-name">com.kms.katalon.core.webservice.keyword.builtin.SendRequestAndVerifyKeyword.sendRequestAndVerify</property>
  <property name="testops-execution-stacktrace"></property>
</record>
<record>
  <date>2024-02-12T08:27:39.395580600Z</date>
  <millis>1707726459395</millis>
  <nanos>580600</nanos>
  <sequence>50</sequence>
  <level>PASSED</level>
  <class>com.kms.katalon.core.logging.XmlKeywordLogger</class>
  <method>logMessage</method>
  <thread>1</thread>
  <message>Send request and verify the response successfully</message>
  <nestedLevel>1</nestedLevel>
  <escapedJava>false</escapedJava>
  <property name="testops-method-name">com.kms.katalon.core.webservice.keyword.builtin.SendRequestAndVerifyKeyword.sendRequestAndVerify</property>
  <property name="testops-execution-stacktrace"></property>
</record>
<record>
  <date>2024-02-12T08:27:39.396862700Z</date>
  <millis>1707726459396</millis>
  <nanos>862700</nanos>
  <sequence>51</sequence>
  <level>END</level>
  <class>com.kms.katalon.core.logging.XmlKeywordLogger</class>
  <method>endKeyword</method>
  <thread>1</thread>
  <message>End action : sendRequestAndVerify(findTestObject(&amp;quot;POST Posts2&amp;quot;, [&amp;quot;title&amp;quot;:&amp;quot;hana&amp;quot;, &amp;quot;body&amp;quot;:&amp;quot;maria
&amp;quot;, &amp;quot;userId&amp;quot;:3]))</message>
  <nestedLevel>1</nestedLevel>
  <escapedJava>false</escapedJava>
</record>
<record>
  <date>2024-02-12T08:27:39.396862700Z</date>
  <millis>1707726459396</millis>
  <nanos>862700</nanos>
  <sequence>52</sequence>
  <level>PASSED</level>
  <class>com.kms.katalon.core.logging.XmlKeywordLogger</class>
  <method>logMessage</method>
  <thread>1</thread>
  <message>Test Cases/POST Posts2</message>
  <nestedLevel>1</nestedLevel>
  <escapedJava>false</escapedJava>
</record>
<record>
  <date>2024-02-12T08:27:42.162332500Z</date>
  <millis>1707726462162</millis>
  <nanos>332500</nanos>
  <sequence>53</sequence>
  <level>START</level>
  <class>com.kms.katalon.core.logging.XmlKeywordLogger</class>
  <method>startKeyword</method>
  <thread>1</thread>
  <message>Start action : Video</message>
  <nestedLevel>1</nestedLevel>
  <escapedJava>false</escapedJava>
</record>
<record>
  <date>2024-02-12T08:27:42.164339800Z</date>
  <millis>1707726462164</millis>
  <nanos>339800</nanos>
  <sequence>54</sequence>
  <level>INFO</level>
  <class>com.kms.katalon.core.logging.XmlKeywordLogger</class>
  <method>logMessage</method>
  <thread>1</thread>
  <message>Video recording for test case &amp;apos;Test Cases/POST Posts2&amp;apos; .</message>
  <nestedLevel>1</nestedLevel>
  <escapedJava>false</escapedJava>
  <property name="video-attachment">videos\screen_recording_2_0.avi</property>
</record>
<record>
  <date>2024-02-12T08:27:42.165338700Z</date>
  <millis>1707726462165</millis>
  <nanos>338700</nanos>
  <sequence>55</sequence>
  <level>END</level>
  <class>com.kms.katalon.core.logging.XmlKeywordLogger</class>
  <method>endKeyword</method>
  <thread>1</thread>
  <message>End End action : Video</message>
  <nestedLevel>1</nestedLevel>
  <escapedJava>false</escapedJava>
</record>
<record>
  <date>2024-02-12T08:27:42.168336400Z</date>
  <millis>1707726462168</millis>
  <nanos>336400</nanos>
  <sequence>56</sequence>
  <level>END</level>
  <class>com.kms.katalon.core.logging.XmlKeywordLogger</class>
  <method>endTest</method>
  <thread>1</thread>
  <message>End Test Case : Test Cases/POST Posts2</message>
  <nestedLevel>0</nestedLevel>
  <escapedJava>false</escapedJava>
  <property name="executionBindingVariables">[]</property>
  <property name="applitools">false</property>
  <property name="remainingRetryCount">3</property>
  <property name="currentRetryCount">0</property>
  <property name="keywordsUsage">{
  &quot;web_ui&quot;: false,
  &quot;web_service&quot;: true,
  &quot;cucumber&quot;: false,
  &quot;builtin&quot;: false,
  &quot;mobile&quot;: false,
  &quot;windows&quot;: false,
  &quot;testng&quot;: false
}</property>
</record>
<record>
  <date>2024-02-12T08:27:42.171399Z</date>
  <millis>1707726462171</millis>
  <nanos>399000</nanos>
  <sequence>57</sequence>
  <level>START</level>
  <class>com.kms.katalon.core.logging.XmlKeywordLogger</class>
  <method>startKeyword</method>
  <thread>1</thread>
  <message>Start listener action : exportKatalonReports</message>
  <nestedLevel>0</nestedLevel>
  <escapedJava>false</escapedJava>
</record>
<record>
  <date>2024-02-12T08:27:42.526845200Z</date>
  <millis>1707726462526</millis>
  <nanos>845200</nanos>
  <sequence>153</sequence>
  <level>INFO</level>
  <class>com.kms.katalon.core.logging.XmlKeywordLogger</class>
  <method>logMessage</method>
  <thread>1</thread>
  <message>Start generating HTML report folder at: D:\BRI\BOOTCAMP\345937-katalon-taskapi-HanaMariaSiahaan\Reports\20240212_152724\POSTS Posts\20240212_152724...</message>
  <nestedLevel>0</nestedLevel>
  <escapedJava>false</escapedJava>
</record>
<record>
  <date>2024-02-12T08:27:43.438254800Z</date>
  <millis>1707726463438</millis>
  <nanos>254800</nanos>
  <sequence>154</sequence>
  <level>INFO</level>
  <class>com.kms.katalon.core.logging.XmlKeywordLogger</class>
  <method>logMessage</method>
  <thread>1</thread>
  <message>HTML report generated</message>
  <nestedLevel>0</nestedLevel>
  <escapedJava>false</escapedJava>
</record>
<record>
  <date>2024-02-12T08:27:43.440157600Z</date>
  <millis>1707726463440</millis>
  <nanos>157600</nanos>
  <sequence>155</sequence>
  <level>INFO</level>
  <class>com.kms.katalon.core.logging.XmlKeywordLogger</class>
  <method>logMessage</method>
  <thread>1</thread>
  <message>Start generating CSV report folder at: D:\BRI\BOOTCAMP\345937-katalon-taskapi-HanaMariaSiahaan\Reports\20240212_152724\POSTS Posts\20240212_152724...</message>
  <nestedLevel>0</nestedLevel>
  <escapedJava>false</escapedJava>
</record>
<record>
  <date>2024-02-12T08:27:43.511310300Z</date>
  <millis>1707726463511</millis>
  <nanos>310300</nanos>
  <sequence>156</sequence>
  <level>INFO</level>
  <class>com.kms.katalon.core.logging.XmlKeywordLogger</class>
  <method>logMessage</method>
  <thread>1</thread>
  <message>CSV report generated</message>
  <nestedLevel>0</nestedLevel>
  <escapedJava>false</escapedJava>
</record>
<record>
  <date>2024-02-12T08:27:43.524306200Z</date>
  <millis>1707726463524</millis>
  <nanos>306200</nanos>
  <sequence>158</sequence>
  <level>END</level>
  <class>com.kms.katalon.core.logging.XmlKeywordLogger</class>
  <method>endKeyword</method>
  <thread>1</thread>
  <message>End listener action : exportKatalonReports</message>
  <nestedLevel>0</nestedLevel>
  <escapedJava>false</escapedJava>
</record>
<record>
  <date>2024-02-12T08:27:43.594025Z</date>
  <millis>1707726463594</millis>
  <nanos>25000</nanos>
  <sequence>159</sequence>
  <level>END</level>
  <class>com.kms.katalon.core.logging.XmlKeywordLogger</class>
  <method>endSuite</method>
  <thread>1</thread>
  <message>End Test Suite : Test Suites/POSTS Posts</message>
  <nestedLevel>0</nestedLevel>
  <escapedJava>false</escapedJava>
</record>
</log>
